<?xml version="1.0" encoding="UTF-8"?>
<!-- Generated by org.testng.reporters.JUnitReportReporter -->
<testsuite hostname="LAPTOP-EEVM9706" failures="0" tests="2" name="test_scripts.Adminusers_Test" time="14.500" errors="0" timestamp="2025-02-27T14:25:10 IST" skipped="0">
  <testcase classname="test_scripts.Adminusers_Test" name="verifywhethertheUserisableviewtheAdminUsersList" time="9.099"/>
  <testcase classname="test_scripts.Adminusers_Test" name="verifyWhethertheSaveButtonisDisplayed" time="5.401"/>
</testsuite> <!-- test_scripts.Adminusers_Test -->
