<?xml version="1.0" encoding="UTF-8"?>
<!-- Generated by org.testng.reporters.JUnitReportReporter -->
<testsuite hostname="LAPTOP-EEVM9706" failures="0" tests="1" name="test_scripts.ManageNews_Test" time="24.567" errors="0" timestamp="2025-02-27T14:25:10 IST" skipped="0">
  <testcase classname="test_scripts.ManageNews_Test" name="verifyTheUserIsabletoLoginSuccessfully" time="24.567"/>
</testsuite> <!-- test_scripts.ManageNews_Test -->
