<?xml version="1.0" encoding="UTF-8"?>
<!-- Generated by org.testng.reporters.JUnitReportReporter -->
<testsuite hostname="LAPTOP-EEVM9706" failures="0" tests="1" name="test_scripts.Login_Test" time="8.413" errors="0" timestamp="2025-02-27T14:25:10 IST" skipped="0">
  <testcase classname="test_scripts.Login_Test" name="verifyTheUserIsabletoLoginusingvalidcredentials" time="8.413"/>
</testsuite> <!-- test_scripts.Login_Test -->
