<?xml version="1.0" encoding="UTF-8"?>
<!-- Generated by org.testng.reporters.JUnitReportReporter -->
<testsuite hostname="LAPTOP-EEVM9706" failures="0" tests="1" name="test_scripts.Login_Test" time="5.706" errors="0" timestamp="2025-03-04T14:13:47 IST" skipped="0">
  <testcase classname="test_scripts.Login_Test" name="verifyTheUserIsabletoLoginusingvalidcredentials" time="5.706"/>
</testsuite> <!-- test_scripts.Login_Test -->
